1
0
0
2
1
(C)2009 2010 2011 2012 2013 2014 
0
3
0
0
0
0
0
1200001
0
0
10
2
mitsi2016-mitsi_2016_compile_windows-x64
14402-6
0
14
0
0
11
3
WIN-4AFUHOFKCTL
Windows 8 
GenuineIntel Intel64 Family 6 Model 60 Stepping 3 ~3991 MHz
2
4
4135.4883
9999988
1
1436407287
0
224002
0
0
91309
0
0
224004
0
0
91399
0
0
1200005
0
1
10
1200005
0
1
20
1200005
0
1
30
1200005
0
1
40
1200005
0
1
50
1200005
0
1
60
1200005
0
1
70
1200005
0
1
80
1200005
0
1
90
1200005
0
1
100
1200070
0
0
1200080
0
1
7353
9999989
2
1436407287
1436407317
1
34.296875
