1
0
0
2
1
(C)2009 2010 2011 2012 2013 2014 
0
3
0
0
0
0
0
10
2
mitsi2016-mitsi_2016_compile_windows-x64
14402-6
0
14
0
0
1910003
3
WIN-4AFUHOFKCTL
Windows 8 
GenuineIntel Intel64 Family 6 Model 60 Stepping 3 ~3991 MHz
2
4
4135.4883
1910002
0
0
1902013
0
0
1902003
0
1
0.0018579999
1902006
0
1
9.9999997e-005
1902015
0
0
1902008
0
0
1902009
0
0
1902019
0
0
0
0
0
1900109
0
1
0
1904016
0
0
1910005
0
1
5
1910005
0
1
10
1910005
0
1
20
1910005
0
1
25
1910005
0
1
30
1910005
0
1
35
1910005
0
1
40
1910005
0
1
45
1900122
0
0
1904009
0
2
5941
11878
1904008
0
2
51.023857
3.0256393
1910005
0
1
50
1910005
0
1
80
1910005
0
1
95
1900104
0
0
0
0
0
1900105
0
0
1900105
0
0
1910006
2
1436407267
1436407283
1
23.15625
1910007
0
1
15.927705
