########### array before sorts ###########
0	0.000000	1.270000	0.043274	0.941300	n
1	0.043274	0.941300	0.170148	0.635000	n
2	0.170148	0.635000	0.371974	0.371974	n
3	0.371974	0.371974	0.635000	0.170148	n
4	0.635000	0.170148	0.941300	0.043274	n
5	0.941300	0.043274	1.270000	0.000000	n
6	1.270000	0.000000	37.338000	0.000000	n
7	37.338000	0.000000	37.666700	0.043274	n
8	37.666700	0.043274	37.973000	0.170148	n
9	37.973000	0.170148	38.236026	0.371974	n
10	38.236026	0.371974	38.437852	0.635000	n
11	38.437852	0.635000	38.564726	0.941300	n
12	38.564726	0.941300	38.608000	1.270000	n
13	38.608000	1.270000	38.608000	37.338000	n
14	38.608000	37.338000	38.564726	37.666700	n
15	38.564726	37.666700	38.437852	37.973000	n
16	38.437852	37.973000	38.236026	38.236026	n
17	38.236026	38.236026	37.973000	38.437852	n
18	37.973000	38.437852	37.666700	38.564726	n
19	37.666700	38.564726	37.338000	38.608000	n
20	37.338000	38.608000	1.270000	38.608000	n
21	1.270000	38.608000	0.941300	38.564726	n
22	0.941300	38.564726	0.635000	38.437852	n
23	0.635000	38.437852	0.371974	38.236026	n
24	0.371974	38.236026	0.170148	37.973000	n
25	0.170148	37.973000	0.043274	37.666700	n
26	0.043274	37.666700	0.000000	37.338000	n
27	0.000000	37.338000	0.000000	1.270000	n
Tolerance=0.050000.
*Exact match for i=0 and j=1.
*i point 0.000000	1.270000	0.043274	0.941300	y
*Exact match for i=1 and j=2.
*i point 0.043274	0.941300	0.170148	0.635000	y
*Exact match for i=2 and j=3.
*i point 0.170148	0.635000	0.371974	0.371974	y
*Exact match for i=3 and j=4.
*i point 0.371974	0.371974	0.635000	0.170148	y
*Exact match for i=4 and j=5.
*i point 0.635000	0.170148	0.941300	0.043274	y
*Exact match for i=5 and j=6.
*i point 0.941300	0.043274	1.270000	0.000000	y
*Exact match for i=6 and j=7.
*i point 1.270000	0.000000	37.338000	0.000000	y
*Exact match for i=7 and j=8.
*i point 37.338000	0.000000	37.666700	0.043274	y
*Exact match for i=8 and j=9.
*i point 37.666700	0.043274	37.973000	0.170148	y
*Exact match for i=9 and j=10.
*i point 37.973000	0.170148	38.236026	0.371974	y
*Exact match for i=10 and j=11.
*i point 38.236026	0.371974	38.437852	0.635000	y
*Exact match for i=11 and j=12.
*i point 38.437852	0.635000	38.564726	0.941300	y
*Exact match for i=12 and j=13.
*i point 38.564726	0.941300	38.608000	1.270000	y
*Exact match for i=13 and j=14.
*i point 38.608000	1.270000	38.608000	37.338000	y
*Exact match for i=14 and j=15.
*i point 38.608000	37.338000	38.564726	37.666700	y
*Exact match for i=15 and j=16.
*i point 38.564726	37.666700	38.437852	37.973000	y
*Exact match for i=16 and j=17.
*i point 38.437852	37.973000	38.236026	38.236026	y
*Exact match for i=17 and j=18.
*i point 38.236026	38.236026	37.973000	38.437852	y
*Exact match for i=18 and j=19.
*i point 37.973000	38.437852	37.666700	38.564726	y
*Exact match for i=19 and j=20.
*i point 37.666700	38.564726	37.338000	38.608000	y
*Exact match for i=20 and j=21.
*i point 37.338000	38.608000	1.270000	38.608000	y
*Exact match for i=21 and j=22.
*i point 1.270000	38.608000	0.941300	38.564726	y
*Exact match for i=22 and j=23.
*i point 0.941300	38.564726	0.635000	38.437852	y
*Exact match for i=23 and j=24.
*i point 0.635000	38.437852	0.371974	38.236026	y
*Exact match for i=24 and j=25.
*i point 0.371974	38.236026	0.170148	37.973000	y
*Exact match for i=25 and j=26.
*i point 0.170148	37.973000	0.043274	37.666700	y
*Exact match for i=26 and j=27.
*i point 0.043274	37.666700	0.000000	37.338000	y
########### array after sorts ###########
0	0.000000	1.270000	0.043274	0.941300	y
1	0.043274	0.941300	0.170148	0.635000	y
2	0.170148	0.635000	0.371974	0.371974	y
3	0.371974	0.371974	0.635000	0.170148	y
4	0.635000	0.170148	0.941300	0.043274	y
5	0.941300	0.043274	1.270000	0.000000	y
6	1.270000	0.000000	37.338000	0.000000	y
7	37.338000	0.000000	37.666700	0.043274	y
8	37.666700	0.043274	37.973000	0.170148	y
9	37.973000	0.170148	38.236026	0.371974	y
10	38.236026	0.371974	38.437852	0.635000	y
11	38.437852	0.635000	38.564726	0.941300	y
12	38.564726	0.941300	38.608000	1.270000	y
13	38.608000	1.270000	38.608000	37.338000	y
14	38.608000	37.338000	38.564726	37.666700	y
15	38.564726	37.666700	38.437852	37.973000	y
16	38.437852	37.973000	38.236026	38.236026	y
17	38.236026	38.236026	37.973000	38.437852	y
18	37.973000	38.437852	37.666700	38.564726	y
19	37.666700	38.564726	37.338000	38.608000	y
20	37.338000	38.608000	1.270000	38.608000	y
21	1.270000	38.608000	0.941300	38.564726	y
22	0.941300	38.564726	0.635000	38.437852	y
23	0.635000	38.437852	0.371974	38.236026	y
24	0.371974	38.236026	0.170148	37.973000	y
25	0.170148	37.973000	0.043274	37.666700	y
26	0.043274	37.666700	0.000000	37.338000	y
27	0.000000	37.338000	0.000000	1.270000	y
***************
.BOARD_OUTLINE UNOWNED
1.6
0     0.000000     1.270000     0
0     0.043274     0.941300     0
0     0.170148     0.635000     0
0     0.371974     0.371974     0
0     0.635000     0.170148     0
0     0.941300     0.043274     0
0     1.270000     0.000000     0
0     37.338000     0.000000     0
0     37.666700     0.043274     0
0     37.973000     0.170148     0
0     38.236026     0.371974     0
0     38.437852     0.635000     0
0     38.564726     0.941300     0
0     38.608000     1.270000     0
0     38.608000     37.338000     0
0     38.564726     37.666700     0
0     38.437852     37.973000     0
0     38.236026     38.236026     0
0     37.973000     38.437852     0
0     37.666700     38.564726     0
0     37.338000     38.608000     0
0     1.270000     38.608000     0
0     0.941300     38.564726     0
0     0.635000     38.437852     0
0     0.371974     38.236026     0
0     0.170148     37.973000     0
0     0.043274     37.666700     0
0     0.000000     37.338000     0
0     0.000000     1.270000     0
