########### array before sorts ###########
0	0.000000	31.750000	0.000000	11.730000	n
1	0.000000	4.214000	0.000000	4.127106	n
2	0.000000	4.127106	2.842130	0.169170	n
3	2.842130	0.169170	1.890068	0.599413	n
4	1.890068	0.599413	1.081801	1.261407	n
5	1.081801	1.261407	0.472413	2.110038	n
6	0.472413	2.110038	0.103430	3.087475	n
7	0.103430	3.087475	3.873106	0.000000	n
8	3.873106	0.000000	3.960000	0.000000	n
9	11.476000	0.000000	31.750000	0.000000	n
10	31.750000	0.000000	33.064801	0.173097	n
11	33.064801	0.173097	34.290000	0.680591	n
12	34.290000	0.680591	35.342102	1.487898	n
13	35.342102	1.487898	36.149409	2.540000	n
14	36.149409	2.540000	36.656903	3.765199	n
15	36.656903	3.765199	36.830000	5.080000	n
16	36.830000	5.080000	36.830000	10.056000	n
17	36.830000	16.556000	36.830000	32.766000	n
18	36.830000	32.766000	36.691523	33.817841	n
19	36.691523	33.817841	36.285527	34.798000	n
20	36.285527	34.798000	35.639682	35.639682	n
21	35.639682	35.639682	34.798000	36.285527	n
22	34.798000	36.285527	33.817841	36.691523	n
23	33.817841	36.691523	32.766000	36.830000	n
24	32.766000	36.830000	16.810000	36.830000	n
25	10.310000	36.830000	5.080000	36.830000	n
26	5.080000	36.830000	3.765199	36.656903	n
27	3.765199	36.656903	2.540000	36.149409	n
28	2.540000	36.149409	1.487898	35.342102	n
29	1.487898	35.342102	0.680591	34.290000	n
30	0.680591	34.290000	0.173097	33.064801	n
31	0.173097	33.064801	0.000000	31.750000	n
32	0.000000	11.730000	0.917155	11.180472	n
33	0.917155	11.180472	1.660829	10.412291	n
34	1.660829	10.412291	2.180343	9.477808	n
35	2.180343	9.477808	2.440292	8.440707	n
36	2.440292	8.440707	2.422963	7.371664	n
37	2.422963	7.371664	2.129535	6.343533	n
38	2.129535	6.343533	1.580006	5.426379	n
39	1.580006	5.426379	0.811825	4.682706	n
40	0.811825	4.682706	0.000000	4.214000	n
41	3.960000	0.000000	4.509528	0.917155	n
42	4.509528	0.917155	5.277709	1.660829	n
43	5.277709	1.660829	6.212192	2.180343	n
44	6.212192	2.180343	7.249293	2.440292	n
45	7.249293	2.440292	8.318336	2.422963	n
46	8.318336	2.422963	9.346467	2.129535	n
47	9.346467	2.129535	10.263621	1.580006	n
48	10.263621	1.580006	11.007294	0.811825	n
49	11.007294	0.811825	11.476000	0.000000	n
50	36.830000	10.056000	36.036827	10.531245	n
51	36.036827	10.531245	35.393683	11.195585	n
52	35.393683	11.195585	34.944396	12.003745	n
53	34.944396	12.003745	34.719586	12.900653	n
54	34.719586	12.900653	34.734573	13.825184	n
55	34.734573	13.825184	34.988335	14.714333	n
56	34.988335	14.714333	35.463580	15.507507	n
57	35.463580	15.507507	36.127919	16.150652	n
58	36.127919	16.150652	36.830000	16.556000	n
59	16.810000	36.830000	16.334755	36.036827	n
60	16.334755	36.036827	15.670415	35.393683	n
61	15.670415	35.393683	14.862255	34.944396	n
62	14.862255	34.944396	13.965347	34.719586	n
63	13.965347	34.719586	13.040816	34.734573	n
64	13.040816	34.734573	12.151667	34.988335	n
65	12.151667	34.988335	11.358493	35.463580	n
66	11.358493	35.463580	10.715348	36.127919	n
67	10.715348	36.127919	10.310000	36.830000	n
Tolerance=0.050000.
*Exact match for i=0 and j=32.
*i point 0.000000	31.750000	0.000000	11.730000	y
*Exact match for i=1 and j=33.
*i point 0.000000	11.730000	0.917155	11.180472	y
*Exact match for i=2 and j=34.
*i point 0.917155	11.180472	1.660829	10.412291	y
*Exact match for i=3 and j=35.
*i point 1.660829	10.412291	2.180343	9.477808	y
*Exact match for i=4 and j=36.
*i point 2.180343	9.477808	2.440292	8.440707	y
*Exact match for i=5 and j=37.
*i point 2.440292	8.440707	2.422963	7.371664	y
*Exact match for i=6 and j=38.
*i point 2.422963	7.371664	2.129535	6.343533	y
*Exact match for i=7 and j=39.
*i point 2.129535	6.343533	1.580006	5.426379	y
*Exact match for i=8 and j=40.
*i point 1.580006	5.426379	0.811825	4.682706	y
*Exact match for i=9 and j=32.
*i point 0.811825	4.682706	0.000000	4.214000	y
*Exact match for i=10 and j=33.
*i point 0.000000	4.214000	0.000000	4.127106	y
*Exact match for i=11 and j=34.
*i point 0.000000	4.127106	2.842130	0.169170	y
*Exact match for i=12 and j=35.
*i point 2.842130	0.169170	1.890068	0.599413	y
*Exact match for i=13 and j=36.
*i point 1.890068	0.599413	1.081801	1.261407	y
*Exact match for i=14 and j=37.
*i point 1.081801	1.261407	0.472413	2.110038	y
*Exact match for i=15 and j=38.
*i point 0.472413	2.110038	0.103430	3.087475	y
*Exact match for i=16 and j=39.
*i point 0.103430	3.087475	3.873106	0.000000	y
*Exact match for i=17 and j=41.
*i point 3.873106	0.000000	3.960000	0.000000	y
*Exact match for i=18 and j=42.
*i point 3.960000	0.000000	4.509528	0.917155	y
*Exact match for i=19 and j=43.
*i point 4.509528	0.917155	5.277709	1.660829	y
*Exact match for i=20 and j=44.
*i point 5.277709	1.660829	6.212192	2.180343	y
*Exact match for i=21 and j=45.
*i point 6.212192	2.180343	7.249293	2.440292	y
*Exact match for i=22 and j=46.
*i point 7.249293	2.440292	8.318336	2.422963	y
*Exact match for i=23 and j=47.
*i point 8.318336	2.422963	9.346467	2.129535	y
*Exact match for i=24 and j=48.
*i point 9.346467	2.129535	10.263621	1.580006	y
*Exact match for i=25 and j=49.
*i point 10.263621	1.580006	11.007294	0.811825	y
*Exact match for i=26 and j=40.
*i point 11.007294	0.811825	11.476000	0.000000	y
*Exact match for i=27 and j=32.
*i point 11.476000	0.000000	31.750000	0.000000	y
*Exact match for i=28 and j=33.
*i point 31.750000	0.000000	33.064801	0.173097	y
*Exact match for i=29 and j=34.
*i point 33.064801	0.173097	34.290000	0.680591	y
*Exact match for i=30 and j=35.
*i point 34.290000	0.680591	35.342102	1.487898	y
*Exact match for i=31 and j=36.
*i point 35.342102	1.487898	36.149409	2.540000	y
*Exact match for i=32 and j=37.
*i point 36.149409	2.540000	36.656903	3.765199	y
*Exact match for i=33 and j=38.
*i point 36.656903	3.765199	36.830000	5.080000	y
*Exact match for i=34 and j=50.
*i point 36.830000	5.080000	36.830000	10.056000	y
*Exact match for i=35 and j=51.
*i point 36.830000	10.056000	36.036827	10.531245	y
*Exact match for i=36 and j=52.
*i point 36.036827	10.531245	35.393683	11.195585	y
*Exact match for i=37 and j=53.
*i point 35.393683	11.195585	34.944396	12.003745	y
*Exact match for i=38 and j=54.
*i point 34.944396	12.003745	34.719586	12.900653	y
*Exact match for i=39 and j=55.
*i point 34.719586	12.900653	34.734573	13.825184	y
*Exact match for i=40 and j=56.
*i point 34.734573	13.825184	34.988335	14.714333	y
*Exact match for i=41 and j=57.
*i point 34.988335	14.714333	35.463580	15.507507	y
*Exact match for i=42 and j=58.
*i point 35.463580	15.507507	36.127919	16.150652	y
*Exact match for i=43 and j=54.
*i point 36.127919	16.150652	36.830000	16.556000	y
*Exact match for i=44 and j=56.
*i point 36.830000	16.556000	36.830000	32.766000	y
*Exact match for i=45 and j=57.
*i point 36.830000	32.766000	36.691523	33.817841	y
*Exact match for i=46 and j=58.
*i point 36.691523	33.817841	36.285527	34.798000	y
*Exact match for i=47 and j=54.
*i point 36.285527	34.798000	35.639682	35.639682	y
*Exact match for i=48 and j=56.
*i point 35.639682	35.639682	34.798000	36.285527	y
*Exact match for i=49 and j=57.
*i point 34.798000	36.285527	33.817841	36.691523	y
*Exact match for i=50 and j=58.
*i point 33.817841	36.691523	32.766000	36.830000	y
*Exact match for i=51 and j=59.
*i point 32.766000	36.830000	16.810000	36.830000	y
*Exact match for i=52 and j=60.
*i point 16.810000	36.830000	16.334755	36.036827	y
*Exact match for i=53 and j=61.
*i point 16.334755	36.036827	15.670415	35.393683	y
*Exact match for i=54 and j=62.
*i point 15.670415	35.393683	14.862255	34.944396	y
*Exact match for i=55 and j=63.
*i point 14.862255	34.944396	13.965347	34.719586	y
*Exact match for i=56 and j=64.
*i point 13.965347	34.719586	13.040816	34.734573	y
*Exact match for i=57 and j=65.
*i point 13.040816	34.734573	12.151667	34.988335	y
*Exact match for i=58 and j=66.
*i point 12.151667	34.988335	11.358493	35.463580	y
*Exact match for i=59 and j=67.
*i point 11.358493	35.463580	10.715348	36.127919	y
*Exact match for i=60 and j=61.
*i point 10.715348	36.127919	10.310000	36.830000	y
*Exact match for i=61 and j=63.
*i point 10.310000	36.830000	5.080000	36.830000	y
*Exact match for i=62 and j=63.
*i point 5.080000	36.830000	3.765199	36.656903	y
*Exact match for i=63 and j=65.
*i point 3.765199	36.656903	2.540000	36.149409	y
*Exact match for i=64 and j=66.
*i point 2.540000	36.149409	1.487898	35.342102	y
*Exact match for i=65 and j=67.
*i point 1.487898	35.342102	0.680591	34.290000	y
*Exact match for i=66 and j=67.
*i point 0.680591	34.290000	0.173097	33.064801	y
########### array after sorts ###########
0	0.000000	31.750000	0.000000	11.730000	y
1	0.000000	11.730000	0.917155	11.180472	y
2	0.917155	11.180472	1.660829	10.412291	y
3	1.660829	10.412291	2.180343	9.477808	y
4	2.180343	9.477808	2.440292	8.440707	y
5	2.440292	8.440707	2.422963	7.371664	y
6	2.422963	7.371664	2.129535	6.343533	y
7	2.129535	6.343533	1.580006	5.426379	y
8	1.580006	5.426379	0.811825	4.682706	y
9	0.811825	4.682706	0.000000	4.214000	y
10	0.000000	4.214000	0.000000	4.127106	y
11	0.000000	4.127106	2.842130	0.169170	y
12	2.842130	0.169170	1.890068	0.599413	y
13	1.890068	0.599413	1.081801	1.261407	y
14	1.081801	1.261407	0.472413	2.110038	y
15	0.472413	2.110038	0.103430	3.087475	y
16	0.103430	3.087475	3.873106	0.000000	y
17	3.873106	0.000000	3.960000	0.000000	y
18	3.960000	0.000000	4.509528	0.917155	y
19	4.509528	0.917155	5.277709	1.660829	y
20	5.277709	1.660829	6.212192	2.180343	y
21	6.212192	2.180343	7.249293	2.440292	y
22	7.249293	2.440292	8.318336	2.422963	y
23	8.318336	2.422963	9.346467	2.129535	y
24	9.346467	2.129535	10.263621	1.580006	y
25	10.263621	1.580006	11.007294	0.811825	y
26	11.007294	0.811825	11.476000	0.000000	y
27	11.476000	0.000000	31.750000	0.000000	y
28	31.750000	0.000000	33.064801	0.173097	y
29	33.064801	0.173097	34.290000	0.680591	y
30	34.290000	0.680591	35.342102	1.487898	y
31	35.342102	1.487898	36.149409	2.540000	y
32	36.149409	2.540000	36.656903	3.765199	y
33	36.656903	3.765199	36.830000	5.080000	y
34	36.830000	5.080000	36.830000	10.056000	y
35	36.830000	10.056000	36.036827	10.531245	y
36	36.036827	10.531245	35.393683	11.195585	y
37	35.393683	11.195585	34.944396	12.003745	y
38	34.944396	12.003745	34.719586	12.900653	y
39	34.719586	12.900653	34.734573	13.825184	y
40	34.734573	13.825184	34.988335	14.714333	y
41	34.988335	14.714333	35.463580	15.507507	y
42	35.463580	15.507507	36.127919	16.150652	y
43	36.127919	16.150652	36.830000	16.556000	y
44	36.830000	16.556000	36.830000	32.766000	y
45	36.830000	32.766000	36.691523	33.817841	y
46	36.691523	33.817841	36.285527	34.798000	y
47	36.285527	34.798000	35.639682	35.639682	y
48	35.639682	35.639682	34.798000	36.285527	y
49	34.798000	36.285527	33.817841	36.691523	y
50	33.817841	36.691523	32.766000	36.830000	y
51	32.766000	36.830000	16.810000	36.830000	y
52	16.810000	36.830000	16.334755	36.036827	y
53	16.334755	36.036827	15.670415	35.393683	y
54	15.670415	35.393683	14.862255	34.944396	y
55	14.862255	34.944396	13.965347	34.719586	y
56	13.965347	34.719586	13.040816	34.734573	y
57	13.040816	34.734573	12.151667	34.988335	y
58	12.151667	34.988335	11.358493	35.463580	y
59	11.358493	35.463580	10.715348	36.127919	y
60	10.715348	36.127919	10.310000	36.830000	y
61	10.310000	36.830000	5.080000	36.830000	y
62	5.080000	36.830000	3.765199	36.656903	y
63	3.765199	36.656903	2.540000	36.149409	y
64	2.540000	36.149409	1.487898	35.342102	y
65	1.487898	35.342102	0.680591	34.290000	y
66	0.680591	34.290000	0.173097	33.064801	y
67	0.173097	33.064801	0.000000	31.750000	y
***************
.BOARD_OUTLINE UNOWNED
0.6
0     0.000000     31.750000     0
0     0.000000     11.730000     0
0     0.917155     11.180472     0
0     1.660829     10.412291     0
0     2.180343     9.477808     0
0     2.440292     8.440707     0
0     2.422963     7.371664     0
0     2.129535     6.343533     0
0     1.580006     5.426379     0
0     0.811825     4.682706     0
0     0.000000     4.214000     0
0     0.000000     4.127106     0
0     2.842130     0.169170     0
0     1.890068     0.599413     0
0     1.081801     1.261407     0
0     0.472413     2.110038     0
0     0.103430     3.087475     0
0     3.873106     0.000000     0
0     3.960000     0.000000     0
0     4.509528     0.917155     0
0     5.277709     1.660829     0
0     6.212192     2.180343     0
0     7.249293     2.440292     0
0     8.318336     2.422963     0
0     9.346467     2.129535     0
0     10.263621     1.580006     0
0     11.007294     0.811825     0
0     11.476000     0.000000     0
0     31.750000     0.000000     0
0     33.064801     0.173097     0
0     34.290000     0.680591     0
0     35.342102     1.487898     0
0     36.149409     2.540000     0
0     36.656903     3.765199     0
0     36.830000     5.080000     0
0     36.830000     10.056000     0
0     36.036827     10.531245     0
0     35.393683     11.195585     0
0     34.944396     12.003745     0
0     34.719586     12.900653     0
0     34.734573     13.825184     0
0     34.988335     14.714333     0
0     35.463580     15.507507     0
0     36.127919     16.150652     0
0     36.830000     16.556000     0
0     36.830000     32.766000     0
0     36.691523     33.817841     0
0     36.285527     34.798000     0
0     35.639682     35.639682     0
0     34.798000     36.285527     0
0     33.817841     36.691523     0
0     32.766000     36.830000     0
0     16.810000     36.830000     0
0     16.334755     36.036827     0
0     15.670415     35.393683     0
0     14.862255     34.944396     0
0     13.965347     34.719586     0
0     13.040816     34.734573     0
0     12.151667     34.988335     0
0     11.358493     35.463580     0
0     10.715348     36.127919     0
0     10.310000     36.830000     0
0     5.080000     36.830000     0
0     3.765199     36.656903     0
0     2.540000     36.149409     0
0     1.487898     35.342102     0
0     0.680591     34.290000     0
0     0.173097     33.064801     0
0     0.000000     31.750000     0
